make --dry-run --keep-going --print-directory
make: Entering directory '/mnt/d/fractol'
make -sC ./minilibx_opengl_20191021/
 
mkdir -p ./obj/
gcc -c src/algorithms.c -D IMG_SIZE=600 -o obj/algorithms.o -g  -I ./ft_printf/ -I ./minilibx_opengl_20191021/
 
mkdir -p ./obj/
gcc -c src/color.c -D IMG_SIZE=600 -o obj/color.o -g  -I ./ft_printf/ -I ./minilibx_opengl_20191021/
 
mkdir -p ./obj/
gcc -c src/draw.c -D IMG_SIZE=600 -o obj/draw.o -g  -I ./ft_printf/ -I ./minilibx_opengl_20191021/
 
mkdir -p ./obj/
gcc -c src/fract.c -D IMG_SIZE=600 -o obj/fract.o -g  -I ./ft_printf/ -I ./minilibx_opengl_20191021/
 
mkdir -p ./obj/
gcc -c src/init.c -D IMG_SIZE=600 -o obj/init.o -g  -I ./ft_printf/ -I ./minilibx_opengl_20191021/
 
mkdir -p ./obj/
gcc -c src/keys.c -D IMG_SIZE=600 -o obj/keys.o -g  -I ./ft_printf/ -I ./minilibx_opengl_20191021/
 
mkdir -p ./obj/
gcc -c src/errors.c -D IMG_SIZE=600 -o obj/errors.o -g  -I ./ft_printf/ -I ./minilibx_opengl_20191021/
 
mkdir -p ./obj/
gcc -c src/main.c -D IMG_SIZE=600 -o obj/main.o -g  -I ./ft_printf/ -I ./minilibx_opengl_20191021/
gcc ./obj/algorithms.o ./obj/color.o ./obj/draw.o ./obj/fract.o ./obj/init.o ./obj/keys.o ./obj/errors.o ./obj/main.o -Wall -Wextra -Werror -framework OpenGL -framework AppKit ./minilibx_opengl_20191021/libmlx.a ./ft_printf/libftprintf.a -o fractol
echo "fractol compiled."
make: Leaving directory '/mnt/d/fractol'
 
