make all --print-data-base --no-builtin-variables --no-builtin-rules --question
# GNU Make 3.81
# Copyright (C) 2006  Free Software Foundation, Inc.
# This is free software; see the source for copying conditions.
# There is NO warranty; not even for MERCHANTABILITY or FITNESS FOR A
# PARTICULAR PURPOSE.

# This program built for i386-apple-darwin11.3.0
 

# Make data base, printed on Mon Jun 27 17:24:08 2022

# Variables

# automatic
<D = $(patsubst %/,%,$(dir $<))
# automatic
?F = $(notdir $?)
# environment
VSCODE_LOG_NATIVE = false
# automatic
?D = $(patsubst %/,%,$(dir $?))
# automatic
@D = $(patsubst %/,%,$(dir $@))
# automatic
@F = $(notdir $@)
# environment
ZNT_REPO_DIR = /Users/akocabas/.oh-my-zsh/plugins/zsh-navigation-tools
# makefile
CURDIR := /Users/akocabas/fractol
# makefile
SHELL = /bin/sh
# environment
VSCODE_NLS_CONFIG = {"locale":"en-us","availableLanguages":{},"_languagePackSupport":true}
# environment
_ = /usr/bin/make
# makefile (from `Makefile', line 22)
CFLAGS = -Wall -Wextra -Werror
# makefile (from `Makefile', line 1)
MAKEFILE_LIST :=  Makefile
# environment
VSCODE_VERBOSE_LOGGING = true
# makefile (from `Makefile', line 16)
OBJS = $(SRCS:.c=.o)
# environment
P9K_SSH = 0
# environment
VSCODE_IPC_HOOK_EXTHOST = /var/folders/zz/zyxvpxvq6csfxvn_n000c_v40032ps/T/vscode-ipc-8691b716-c49e-4b2d-ad78-f34862701863.sock
# environment
VSCODE_CWD = /
# environment
PATH = /usr/local/bin:/usr/bin:/bin:/usr/sbin:/sbin:/usr/local/munki:/Library/Apple/usr/bin:/Library/Frameworks/Mono.framework/Versions/Current/Commands:/Users/akocabas/.fzf/bin
# environment
LSCOLORS = Gxfxcxdxbxegedabagacad
# environment
VSCODE_LOG_STACK = false
# environment
ELECTRON_RUN_AS_NODE = 1
# default
.FEATURES := target-specific order-only second-expansion else-if archives jobserver check-symlink
# environment
SSH_AUTH_SOCK = /private/tmp/com.apple.launchd.3sq8UeguLf/Listeners
# automatic
%F = $(notdir $%)
# makefile (from `Makefile', line 23)
MLXFLAGS = -framework OpenGL -framework AppKit
# environment
VSCODE_PIPE_LOGGING = true
# environment
PWD = /Users/akocabas/fractol
# environment
ORIGINAL_XDG_CURRENT_DESKTOP = undefined
# environment
VSCODE_AMD_ENTRYPOINT = vs/workbench/api/node/extensionHostProcess
# environment
HOME = /Users/akocabas
# default
MAKEFILEPATH := /Applications/Xcode.app/Contents/Developer/Makefiles
# environment
VSCODE_CODE_CACHE_PATH = /Users/akocabas/Library/Application Support/Code/CachedData/4af164ea3a06f701fe3e89a2bcbb421d2026b68f
# environment
LOGNAME = akocabas
# environment
APPLICATION_INSIGHTS_NO_DIAGNOSTIC_CHANNEL = 1
# environment
ZSH = /Users/akocabas/.oh-my-zsh
# environment
VSCODE_HANDLES_UNCAUGHT_ERRORS = true
# automatic
^D = $(patsubst %/,%,$(dir $^))
# environment
XPC_FLAGS = 0x0
# default
MAKE = $(MAKE_COMMAND)
# default
MAKECMDGOALS := all
# makefile (from `Makefile', line 15)
SRCS = algorithms.c color.c draw.c fract.c init.c keys.c errors.c main.c
# environment
SHLVL = 1
# makefile (from `Makefile', line 21)
CC = gcc
# default
MAKE_VERSION := 3.81
# environment
USER = akocabas
# makefile
.DEFAULT_GOAL := all
# makefile (from `Makefile', line 13)
NAME = fractol
# environment
LESS = -R
# automatic
%D = $(patsubst %/,%,$(dir $%))
# default
MAKE_COMMAND := /Applications/Xcode.app/Contents/Developer/usr/bin/make
# default
.VARIABLES := 
# environment
TMPDIR = /var/folders/zz/zyxvpxvq6csfxvn_n000c_v40032ps/T/
# automatic
*F = $(notdir $*)
# environment
VSCODE_IPC_HOOK = /Users/akocabas/Library/Application Support/Code/1.68.0-main.sock
# makefile
MAKEFLAGS = Rrqp
# environment
MFLAGS = -Rrqp
# automatic
*D = $(patsubst %/,%,$(dir $*))
# environment
XPC_SERVICE_NAME = com.microsoft.VSCode.2380
# automatic
+D = $(patsubst %/,%,$(dir $+))
# automatic
+F = $(notdir $+)
# environment
__CF_USER_TEXT_ENCODING = 0x18AD9:0x0:0x0
# default
MAKEFILES := 
# environment
ZNT_CONFIG_DIR = /Users/akocabas/.config/znt
# automatic
<F = $(notdir $<)
# makefile (from `Makefile', line 19)
BONUS_OBJS = $(BONUS:.c=.o)
# environment
PAGER = less
# environment
LC_ALL = C
# makefile (from `Makefile', line 18)
BONUS_SRC = 
# automatic
^F = $(notdir $^)
# default
SUFFIXES := 
# default
.INCLUDE_DIRS = /usr/local/include
# environment
MAKELEVEL := 0
# environment
LANG = C
# environment
VSCODE_PID = 84528
# variable set hash-table stats:
# Load=75/1024=7%, Rehash=0, Collisions=7/115=6%

# Pattern-specific Variable Values

# No pattern-specific variable values.

# Directories

# . (device 16777225, inode 1355464): 38 files, no impossibilities.

# 38 files, no impossibilities in 1 directories.

# Implicit Rules

%.o: %.c
#  commands to execute (from `Makefile', line 32):
	$(CC) -c $^ $(CFLAGS)
	

# 1 implicit rules, 0 (0.0%) terminal.

# Files

fractol: algorithms.o color.o draw.o fract.o init.o keys.o errors.o main.o
#  Implicit rule search has not been done.
#  Implicit/static pattern stem: `'
#  File does not exist.
#  File has been updated.
#  Needs to be updated (-q is set).
# automatic
# @ := fractol
# automatic
# % := 
# automatic
# * := 
# automatic
# + := algorithms.o color.o draw.o fract.o init.o keys.o errors.o main.o
# automatic
# | := 
# automatic
# < := algorithms.o
# automatic
# ^ := algorithms.o color.o draw.o fract.o init.o keys.o errors.o main.o
# automatic
# ? := algorithms.o color.o draw.o fract.o init.o keys.o errors.o main.o
# variable set hash-table stats:
# Load=8/32=25%, Rehash=0, Collisions=2/15=13%
#  commands to execute (from `Makefile', line 29):
	$(CC) $(OBJS) $(MLXFLAGS) minilibx_opengl_20191021/libmlx.a -o $(NAME)
	

fract.o: fract.c
#  Implicit rule search has been done.
#  Implicit/static pattern stem: `fract'
#  Last modified 2022-06-27 17:20:56
#  File has been updated.
#  Successfully updated.
# variable set hash-table stats:
# Load=0/32=0%, Rehash=0, Collisions=0/0=0%
#  commands to execute (from `Makefile', line 32):
	$(CC) -c $^ $(CFLAGS)
	

# Not a target:
init.c:
#  Implicit rule search has been done.
#  Last modified 2022-06-27 17:20:56
#  File has been updated.
#  Successfully updated.
# variable set hash-table stats:
# Load=0/32=0%, Rehash=0, Collisions=0/0=0%

all: fractol
#  Phony target (prerequisite of .PHONY).
#  Command-line target.
#  Implicit rule search has not been done.
#  File does not exist.
#  File has been updated.
#  Needs to be updated (-q is set).
# variable set hash-table stats:
# Load=0/32=0%, Rehash=0, Collisions=0/7=0%

.PHONY: all clean fclean re bonus
#  Implicit rule search has not been done.
#  Modification time never checked.
#  File has not been updated.

# Not a target:
main.c:
#  Implicit rule search has been done.
#  Last modified 2022-06-27 17:20:56
#  File has been updated.
#  Successfully updated.
# variable set hash-table stats:
# Load=0/32=0%, Rehash=0, Collisions=0/0=0%

# Not a target:
draw.c:
#  Implicit rule search has been done.
#  Last modified 2022-06-27 17:20:56
#  File has been updated.
#  Successfully updated.
# variable set hash-table stats:
# Load=0/32=0%, Rehash=0, Collisions=0/0=0%

# Not a target:
keys.c:
#  Implicit rule search has been done.
#  Last modified 2022-06-27 17:20:56
#  File has been updated.
#  Successfully updated.
# variable set hash-table stats:
# Load=0/32=0%, Rehash=0, Collisions=0/0=0%

# Not a target:
.SUFFIXES:
#  Implicit rule search has not been done.
#  Modification time never checked.
#  File has not been updated.

errors.o: errors.c
#  Implicit rule search has been done.
#  Implicit/static pattern stem: `errors'
#  Last modified 2022-06-27 17:23:31
#  File has been updated.
#  Successfully updated.
# variable set hash-table stats:
# Load=0/32=0%, Rehash=0, Collisions=0/0=0%
#  commands to execute (from `Makefile', line 32):
	$(CC) -c $^ $(CFLAGS)
	

# Not a target:
Makefile:
#  Implicit rule search has been done.
#  Last modified 2022-06-27 17:22:55
#  File has been updated.
#  Successfully updated.
# variable set hash-table stats:
# Load=0/32=0%, Rehash=0, Collisions=0/0=0%

# Not a target:
fract.c:
#  Implicit rule search has been done.
#  Last modified 2022-06-27 17:20:56
#  File has been updated.
#  Successfully updated.
# variable set hash-table stats:
# Load=0/32=0%, Rehash=0, Collisions=0/0=0%

bonus: algorithms.o color.o draw.o fract.o init.o keys.o errors.o main.o
#  Phony target (prerequisite of .PHONY).
#  Implicit rule search has not been done.
#  File does not exist.
#  File has not been updated.
#  commands to execute (from `Makefile', line 43):
	gcc $(NAME)  $(BONUS_OBJS)
	

fclean: clean
#  Phony target (prerequisite of .PHONY).
 
#  Implicit rule search has not been done.
#  File does not exist.
#  File has not been updated.
#  commands to execute (from `Makefile', line 38):
	rm -f $(OBJS) $(NAME)
	

algorithms.o: algorithms.c
#  Implicit rule search has been done.
#  Implicit/static pattern stem: `algorithms'
#  Last modified 2022-06-27 17:20:56
#  File has been updated.
#  Successfully updated.
# variable set hash-table stats:
# Load=0/32=0%, Rehash=0, Collisions=0/0=0%
#  commands to execute (from `Makefile', line 32):
	$(CC) -c $^ $(CFLAGS)
	

color.o: color.c
#  Implicit rule search has been done.
#  Implicit/static pattern stem: `color'
#  Last modified 2022-06-27 17:20:56
#  File has been updated.
#  Successfully updated.
# variable set hash-table stats:
# Load=0/32=0%, Rehash=0, Collisions=0/0=0%
#  commands to execute (from `Makefile', line 32):
	$(CC) -c $^ $(CFLAGS)
	

# Not a target:
.DEFAULT:
#  Implicit rule search has not been done.
#  Modification time never checked.
#  File has not been updated.

# Not a target:
errors.c:
#  Implicit rule search has been done.
#  Last modified 2022-06-27 17:20:56
#  File has been updated.
#  Successfully updated.
# variable set hash-table stats:
# Load=0/32=0%, Rehash=0, Collisions=0/0=0%

re: fclean fractol
#  Phony target (prerequisite of .PHONY).
#  Implicit rule search has not been done.
#  File does not exist.
#  File has not been updated.

clean:
#  Phony target (prerequisite of .PHONY).
#  Implicit rule search has not been done.
#  File does not exist.
#  File has not been updated.
#  commands to execute (from `Makefile', line 35):
	rm -f $(OBJS) $(BONUS_OBJS)
	

init.o: init.c
#  Implicit rule search has been done.
#  Implicit/static pattern stem: `init'
#  Last modified 2022-06-27 17:20:56
#  File has been updated.
#  Successfully updated.
# variable set hash-table stats:
# Load=0/32=0%, Rehash=0, Collisions=0/0=0%
#  commands to execute (from `Makefile', line 32):
	$(CC) -c $^ $(CFLAGS)
	

main.o: main.c
#  Implicit rule search has been done.
#  Implicit/static pattern stem: `main'
#  Last modified 2022-06-27 17:23:32
#  File has been updated.
#  Successfully updated.
# variable set hash-table stats:
# Load=0/32=0%, Rehash=0, Collisions=0/0=0%
#  commands to execute (from `Makefile', line 32):
	$(CC) -c $^ $(CFLAGS)
	

draw.o: draw.c
#  Implicit rule search has been done.
#  Implicit/static pattern stem: `draw'
#  Last modified 2022-06-27 17:20:56
#  File has been updated.
#  Successfully updated.
# variable set hash-table stats:
# Load=0/32=0%, Rehash=0, Collisions=0/0=0%
#  commands to execute (from `Makefile', line 32):
	$(CC) -c $^ $(CFLAGS)
	

# Not a target:
algorithms.c:
#  Implicit rule search has been done.
#  Last modified 2022-06-27 17:20:56
#  File has been updated.
#  Successfully updated.
# variable set hash-table stats:
# Load=0/32=0%, Rehash=0, Collisions=0/0=0%

# Not a target:
color.c:
#  Implicit rule search has been done.
#  Last modified 2022-06-27 17:20:56
#  File has been updated.
#  Successfully updated.
# variable set hash-table stats:
# Load=0/32=0%, Rehash=0, Collisions=0/0=0%

keys.o: keys.c
#  Implicit rule search has been done.
#  Implicit/static pattern stem: `keys'
#  Last modified 2022-06-27 17:23:31
#  File has been updated.
#  Successfully updated.
# variable set hash-table stats:
# Load=0/32=0%, Rehash=0, Collisions=0/0=0%
#  commands to execute (from `Makefile', line 32):
	$(CC) -c $^ $(CFLAGS)
	

# files hash-table stats:
# Load=26/1024=3%, Rehash=0, Collisions=0/89=0%
# VPATH Search Paths

# No `vpath' search paths.

# No general (`VPATH' variable) search path.

# # of strings in strcache: 1
# # of strcache buffers: 1
# strcache size: total = 4096 / max = 4096 / min = 4096 / avg = 4096
# strcache free: total = 4087 / max = 4087 / min = 4087 / avg = 4087

# Finished Make data base on Mon Jun 27 17:24:08 2022

 
